<?xml version="1.0" encoding="UTF-8"?>
<testsuite name="tests.CardServiceTest" tests="1" skipped="0" failures="0" errors="0" timestamp="2024-05-03T08:19:33" hostname="KOZACHEKYURY" time="0.123">
  <properties/>
  <testcase name="getCardsListUser()" classname="tests.CardServiceTest" time="0.123"/>
  <system-out><![CDATA[]]></system-out>
  <system-err><![CDATA[]]></system-err>
</testsuite>
