<?xml version="1.0" encoding="UTF-8"?>
<testsuite name="tests.AccountServiceTest" tests="1" skipped="0" failures="0" errors="0" timestamp="2024-05-02T16:14:39" hostname="KOZACHEKYURY" time="1.069">
  <properties/>
  <testcase name="getOpeningAccount()" classname="tests.AccountServiceTest" time="1.069"/>
  <system-out><![CDATA[]]></system-out>
  <system-err><![CDATA[]]></system-err>
</testsuite>
