<?xml version="1.0" encoding="UTF-8"?>
<testsuite name="tests.AccountServiceTest" tests="1" skipped="0" failures="0" errors="0" timestamp="2024-05-03T08:19:31" hostname="KOZACHEKYURY" time="2.214">
  <properties/>
  <testcase name="getOpeningAccount()" classname="tests.AccountServiceTest" time="2.214"/>
  <system-out><![CDATA[]]></system-out>
  <system-err><![CDATA[]]></system-err>
</testsuite>
